[35m[1mScanning dependencies of target actionlib_generate_messages_eus[0m
[35m[1mScanning dependencies of target actionlib_generate_messages_nodejs[0m
[35m[1mScanning dependencies of target geometry_msgs_generate_messages_eus[0m
[35m[1mScanning dependencies of target tum_ics_ur_robot_msgs_generate_messages_nodejs[0m
[35m[1mScanning dependencies of target actionlib_msgs_generate_messages_lisp[0m
[35m[1mScanning dependencies of target tum_ics_ur_robot_msgs_generate_messages_cpp[0m
[35m[1mScanning dependencies of target actionlib_msgs_generate_messages_cpp[0m
[  0%] Built target actionlib_msgs_generate_messages_lisp
[  0%] Built target tum_ics_ur_robot_msgs_generate_messages_cpp
[  0%] Built target geometry_msgs_generate_messages_eus
[  0%] Built target actionlib_generate_messages_nodejs
[  0%] Built target tum_ics_ur_robot_msgs_generate_messages_nodejs
[  0%] Built target actionlib_msgs_generate_messages_cpp
[  0%] Built target actionlib_generate_messages_eus
[35m[1mScanning dependencies of target sensor_msgs_generate_messages_nodejs[0m
[35m[1mScanning dependencies of target sensor_msgs_generate_messages_lisp[0m
[35m[1mScanning dependencies of target sensor_msgs_generate_messages_cpp[0m
[35m[1mScanning dependencies of target actionlib_generate_messages_py[0m
[35m[1mScanning dependencies of target actionlib_msgs_generate_messages_nodejs[0m
[35m[1mScanning dependencies of target tum_ics_lacquey_gripper_msgs_generate_messages_nodejs[0m
[  0%] Built target sensor_msgs_generate_messages_cpp
[35m[1mScanning dependencies of target rosgraph_msgs_generate_messages_eus[0m
[  0%] Built target actionlib_msgs_generate_messages_nodejs
[  0%] Built target sensor_msgs_generate_messages_lisp
[  0%] Built target tum_ics_lacquey_gripper_msgs_generate_messages_nodejs
[  0%] Built target sensor_msgs_generate_messages_nodejs
[  0%] Built target rosgraph_msgs_generate_messages_eus
[  0%] Built target actionlib_generate_messages_py
[35m[1mScanning dependencies of target rosgraph_msgs_generate_messages_cpp[0m
[35m[1mScanning dependencies of target geometry_msgs_generate_messages_lisp[0m
[35m[1mScanning dependencies of target tum_ics_ur_robot_msgs_generate_messages_eus[0m
[35m[1mScanning dependencies of target std_msgs_generate_messages_eus[0m
[35m[1mScanning dependencies of target roscpp_generate_messages_nodejs[0m
[35m[1mScanning dependencies of target geometry_msgs_generate_messages_nodejs[0m
[35m[1mScanning dependencies of target geometry_msgs_generate_messages_cpp[0m
[  0%] Built target rosgraph_msgs_generate_messages_cpp
[  0%] Built target roscpp_generate_messages_nodejs
[  0%] Built target geometry_msgs_generate_messages_lisp
[  0%] Built target tum_ics_ur_robot_msgs_generate_messages_eus
[  0%] Built target std_msgs_generate_messages_eus
[  0%] Built target geometry_msgs_generate_messages_cpp
[35m[1mScanning dependencies of target sensor_msgs_generate_messages_eus[0m
[  0%] Built target geometry_msgs_generate_messages_nodejs
[35m[1mScanning dependencies of target roscpp_generate_messages_cpp[0m
[35m[1mScanning dependencies of target roscpp_generate_messages_eus[0m
[35m[1mScanning dependencies of target roscpp_generate_messages_py[0m
[  0%] Built target sensor_msgs_generate_messages_eus
[  0%] Built target roscpp_generate_messages_cpp
[35m[1mScanning dependencies of target actionlib_msgs_generate_messages_eus[0m
[35m[1mScanning dependencies of target rosgraph_msgs_generate_messages_py[0m
[  0%] Built target roscpp_generate_messages_eus
[35m[1mScanning dependencies of target tum_ics_ur_robot_msgs_generate_messages_lisp[0m
[35m[1mScanning dependencies of target rosgraph_msgs_generate_messages_lisp[0m
[  0%] Built target roscpp_generate_messages_py
[  0%] Built target actionlib_msgs_generate_messages_eus
[  0%] Built target rosgraph_msgs_generate_messages_py
[35m[1mScanning dependencies of target std_msgs_generate_messages_lisp[0m
[  0%] Built target tum_ics_ur_robot_msgs_generate_messages_lisp
[35m[1mScanning dependencies of target actionlib_generate_messages_lisp[0m
[  0%] Built target rosgraph_msgs_generate_messages_lisp
[35m[1mScanning dependencies of target roscpp_generate_messages_lisp[0m
[35m[1mScanning dependencies of target actionlib_msgs_generate_messages_py[0m
[35m[1mScanning dependencies of target rosgraph_msgs_generate_messages_nodejs[0m
[35m[1mScanning dependencies of target actionlib_generate_messages_cpp[0m
[  0%] Built target actionlib_generate_messages_lisp
[  0%] Built target roscpp_generate_messages_lisp
[  0%] Built target std_msgs_generate_messages_lisp
[  0%] Built target actionlib_msgs_generate_messages_py
[  0%] Built target rosgraph_msgs_generate_messages_nodejs
[35m[1mScanning dependencies of target std_msgs_generate_messages_py[0m
[35m[1mScanning dependencies of target std_msgs_generate_messages_cpp[0m
[35m[1mScanning dependencies of target tum_ics_lacquey_gripper_msgs_generate_messages_cpp[0m
[35m[1mScanning dependencies of target tum_ics_lacquey_gripper_msgs_generate_messages_eus[0m
[  0%] Built target actionlib_generate_messages_cpp
[  0%] Built target std_msgs_generate_messages_cpp
[35m[1mScanning dependencies of target sensor_msgs_generate_messages_py[0m
[35m[1mScanning dependencies of target geometry_msgs_generate_messages_py[0m
[  0%] Built target tum_ics_lacquey_gripper_msgs_generate_messages_cpp
[  0%] Built target std_msgs_generate_messages_py
[35m[1mScanning dependencies of target tum_ics_lacquey_gripper_msgs_generate_messages_lisp[0m
[  0%] Built target tum_ics_lacquey_gripper_msgs_generate_messages_eus
[35m[1mScanning dependencies of target tum_ics_lacquey_gripper_msgs_generate_messages_py[0m
[35m[1mScanning dependencies of target std_msgs_generate_messages_nodejs[0m
[  0%] Built target sensor_msgs_generate_messages_py
[  0%] Built target tum_ics_lacquey_gripper_msgs_generate_messages_lisp
[35m[1mScanning dependencies of target tum_ics_ur_robot_msgs_generate_messages_py[0m
[  0%] Built target geometry_msgs_generate_messages_py
[  0%] Built target tum_ics_lacquey_gripper_msgs_generate_messages_py
[  0%] Built target std_msgs_generate_messages_nodejs
[  0%] Built target tum_ics_ur_robot_msgs_generate_messages_py
[35m[1mScanning dependencies of target tum_ics_lacquey_gripper_driver[0m
[ 16%] [32mBuilding CXX object CMakeFiles/tum_ics_lacquey_gripper_driver.dir/src/GripperDriver.cpp.o[0m
[ 33%] [32mBuilding CXX object CMakeFiles/tum_ics_lacquey_gripper_driver.dir/src/JointState.cpp.o[0m
[ 50%] [32mBuilding CXX object CMakeFiles/tum_ics_lacquey_gripper_driver.dir/src/JointStatePub.cpp.o[0m
[ 66%] [32m[1mLinking CXX shared library /home/msbrdm_student/ros/workspaces/ur10_ws/devel/.private/tum_ics_lacquey_gripper_driver/lib/libtum_ics_lacquey_gripper_driver.so[0m
[ 66%] Built target tum_ics_lacquey_gripper_driver
[35m[1mScanning dependencies of target lacquey_gripper_driver[0m
[ 83%] [32mBuilding CXX object CMakeFiles/lacquey_gripper_driver.dir/src/Applications/main_lacquey_gripper_driver.cpp.o[0m
[100%] [32m[1mLinking CXX executable /home/msbrdm_student/ros/workspaces/ur10_ws/devel/.private/tum_ics_lacquey_gripper_driver/lib/tum_ics_lacquey_gripper_driver/lacquey_gripper_driver[0m
[100%] Built target lacquey_gripper_driver
