[35m[1mScanning dependencies of target _tum_ics_lacquey_gripper_msgs_generate_messages_check_deps_setGripperState[0m
[35m[1mScanning dependencies of target geometry_msgs_generate_messages_lisp[0m
[35m[1mScanning dependencies of target std_msgs_generate_messages_lisp[0m
[  0%] Built target geometry_msgs_generate_messages_lisp
[35m[1mScanning dependencies of target sensor_msgs_generate_messages_lisp[0m
[  0%] Built target std_msgs_generate_messages_lisp
[35m[1mScanning dependencies of target _tum_ics_lacquey_gripper_msgs_generate_messages_check_deps_GripperState[0m
[  0%] Built target sensor_msgs_generate_messages_lisp
[  0%] Built target _tum_ics_lacquey_gripper_msgs_generate_messages_check_deps_setGripperState
[35m[1mScanning dependencies of target _tum_ics_lacquey_gripper_msgs_generate_messages_check_deps_getGripperState[0m
[  0%] Built target _tum_ics_lacquey_gripper_msgs_generate_messages_check_deps_GripperState
[35m[1mScanning dependencies of target geometry_msgs_generate_messages_py[0m
[  0%] Built target geometry_msgs_generate_messages_py
[  0%] Built target _tum_ics_lacquey_gripper_msgs_generate_messages_check_deps_getGripperState
[35m[1mScanning dependencies of target std_msgs_generate_messages_py[0m
[  0%] Built target std_msgs_generate_messages_py
[35m[1mScanning dependencies of target sensor_msgs_generate_messages_py[0m
[35m[1mScanning dependencies of target std_msgs_generate_messages_eus[0m
[  0%] Built target sensor_msgs_generate_messages_py
[35m[1mScanning dependencies of target geometry_msgs_generate_messages_eus[0m
[  0%] Built target std_msgs_generate_messages_eus
[  0%] Built target geometry_msgs_generate_messages_eus
[35m[1mScanning dependencies of target geometry_msgs_generate_messages_cpp[0m
[35m[1mScanning dependencies of target sensor_msgs_generate_messages_eus[0m
[  0%] Built target geometry_msgs_generate_messages_cpp
[35m[1mScanning dependencies of target sensor_msgs_generate_messages_cpp[0m
[  0%] Built target sensor_msgs_generate_messages_eus
[35m[1mScanning dependencies of target std_msgs_generate_messages_cpp[0m
[35m[1mScanning dependencies of target std_msgs_generate_messages_nodejs[0m
[  0%] Built target sensor_msgs_generate_messages_cpp
[35m[1mScanning dependencies of target geometry_msgs_generate_messages_nodejs[0m
[  0%] Built target std_msgs_generate_messages_cpp
[35m[1mScanning dependencies of target sensor_msgs_generate_messages_nodejs[0m
[  0%] Built target std_msgs_generate_messages_nodejs
[  0%] Built target geometry_msgs_generate_messages_nodejs
[35m[1mScanning dependencies of target tum_ics_lacquey_gripper_msgs_generate_messages_lisp[0m
[  0%] Built target sensor_msgs_generate_messages_nodejs
[35m[1mScanning dependencies of target tum_ics_lacquey_gripper_msgs_generate_messages_py[0m
[35m[1mScanning dependencies of target tum_ics_lacquey_gripper_msgs_generate_messages_eus[0m
[ 11%] [34m[1mGenerating Python from MSG tum_ics_lacquey_gripper_msgs/GripperState[0m
[ 11%] [34m[1mGenerating Lisp code from tum_ics_lacquey_gripper_msgs/GripperState.msg[0m
[ 16%] [34m[1mGenerating EusLisp code from tum_ics_lacquey_gripper_msgs/GripperState.msg[0m
[35m[1mScanning dependencies of target tum_ics_lacquey_gripper_msgs_generate_messages_cpp[0m
[ 22%] [34m[1mGenerating C++ code from tum_ics_lacquey_gripper_msgs/GripperState.msg[0m
[ 27%] [34m[1mGenerating Python code from SRV tum_ics_lacquey_gripper_msgs/setGripperState[0m
[ 33%] [34m[1mGenerating Lisp code from tum_ics_lacquey_gripper_msgs/setGripperState.srv[0m
[ 38%] [34m[1mGenerating EusLisp code from tum_ics_lacquey_gripper_msgs/setGripperState.srv[0m
[ 44%] [34m[1mGenerating Lisp code from tum_ics_lacquey_gripper_msgs/getGripperState.srv[0m
[ 50%] [34m[1mGenerating C++ code from tum_ics_lacquey_gripper_msgs/setGripperState.srv[0m
[ 50%] Built target tum_ics_lacquey_gripper_msgs_generate_messages_lisp
[35m[1mScanning dependencies of target tum_ics_lacquey_gripper_msgs_generate_messages_nodejs[0m
[ 55%] [34m[1mGenerating Javascript code from tum_ics_lacquey_gripper_msgs/GripperState.msg[0m
[ 61%] [34m[1mGenerating EusLisp code from tum_ics_lacquey_gripper_msgs/getGripperState.srv[0m
[ 66%] [34m[1mGenerating Python code from SRV tum_ics_lacquey_gripper_msgs/getGripperState[0m
[ 72%] [34m[1mGenerating Javascript code from tum_ics_lacquey_gripper_msgs/setGripperState.srv[0m
[ 77%] [34m[1mGenerating Javascript code from tum_ics_lacquey_gripper_msgs/getGripperState.srv[0m
[ 83%] [34m[1mGenerating EusLisp manifest code for tum_ics_lacquey_gripper_msgs[0m
[ 88%] [34m[1mGenerating C++ code from tum_ics_lacquey_gripper_msgs/getGripperState.srv[0m
[ 94%] [34m[1mGenerating Python msg __init__.py for tum_ics_lacquey_gripper_msgs[0m
[ 94%] Built target tum_ics_lacquey_gripper_msgs_generate_messages_nodejs
[100%] [34m[1mGenerating Python srv __init__.py for tum_ics_lacquey_gripper_msgs[0m
[100%] Built target tum_ics_lacquey_gripper_msgs_generate_messages_py
[100%] Built target tum_ics_lacquey_gripper_msgs_generate_messages_cpp
[100%] Built target tum_ics_lacquey_gripper_msgs_generate_messages_eus
[35m[1mScanning dependencies of target tum_ics_lacquey_gripper_msgs_generate_messages[0m
[100%] Built target tum_ics_lacquey_gripper_msgs_generate_messages
