Symlinking /home/msbrdm_student/ros/workspaces/ur10_ws/devel/lib/pkgconfig/tum_ics_lacquey_gripper_msgs.pc
Symlinking /home/msbrdm_student/ros/workspaces/ur10_ws/devel/lib/python3/dist-packages/tum_ics_lacquey_gripper_msgs/__init__.py
Symlinking /home/msbrdm_student/ros/workspaces/ur10_ws/devel/lib/python3/dist-packages/tum_ics_lacquey_gripper_msgs/msg/_GripperState.py
Symlinking /home/msbrdm_student/ros/workspaces/ur10_ws/devel/lib/python3/dist-packages/tum_ics_lacquey_gripper_msgs/msg/__init__.py
Symlinking /home/msbrdm_student/ros/workspaces/ur10_ws/devel/lib/python3/dist-packages/tum_ics_lacquey_gripper_msgs/srv/_getGripperState.py
Symlinking /home/msbrdm_student/ros/workspaces/ur10_ws/devel/lib/python3/dist-packages/tum_ics_lacquey_gripper_msgs/srv/_setGripperState.py
Symlinking /home/msbrdm_student/ros/workspaces/ur10_ws/devel/lib/python3/dist-packages/tum_ics_lacquey_gripper_msgs/srv/__init__.py
Symlinking /home/msbrdm_student/ros/workspaces/ur10_ws/devel/share/gennodejs/ros/tum_ics_lacquey_gripper_msgs/_index.js
Symlinking /home/msbrdm_student/ros/workspaces/ur10_ws/devel/share/gennodejs/ros/tum_ics_lacquey_gripper_msgs/msg/_index.js
Symlinking /home/msbrdm_student/ros/workspaces/ur10_ws/devel/share/gennodejs/ros/tum_ics_lacquey_gripper_msgs/msg/GripperState.js
Symlinking /home/msbrdm_student/ros/workspaces/ur10_ws/devel/share/gennodejs/ros/tum_ics_lacquey_gripper_msgs/srv/_index.js
Symlinking /home/msbrdm_student/ros/workspaces/ur10_ws/devel/share/gennodejs/ros/tum_ics_lacquey_gripper_msgs/srv/setGripperState.js
Symlinking /home/msbrdm_student/ros/workspaces/ur10_ws/devel/share/gennodejs/ros/tum_ics_lacquey_gripper_msgs/srv/getGripperState.js
Symlinking /home/msbrdm_student/ros/workspaces/ur10_ws/devel/share/roseus/ros/tum_ics_lacquey_gripper_msgs/manifest.l
Symlinking /home/msbrdm_student/ros/workspaces/ur10_ws/devel/share/roseus/ros/tum_ics_lacquey_gripper_msgs/msg/GripperState.l
Symlinking /home/msbrdm_student/ros/workspaces/ur10_ws/devel/share/roseus/ros/tum_ics_lacquey_gripper_msgs/srv/getGripperState.l
Symlinking /home/msbrdm_student/ros/workspaces/ur10_ws/devel/share/roseus/ros/tum_ics_lacquey_gripper_msgs/srv/setGripperState.l
Symlinking /home/msbrdm_student/ros/workspaces/ur10_ws/devel/share/common-lisp/ros/tum_ics_lacquey_gripper_msgs/msg/GripperState.lisp
Symlinking /home/msbrdm_student/ros/workspaces/ur10_ws/devel/share/common-lisp/ros/tum_ics_lacquey_gripper_msgs/msg/_package.lisp
Symlinking /home/msbrdm_student/ros/workspaces/ur10_ws/devel/share/common-lisp/ros/tum_ics_lacquey_gripper_msgs/msg/_package_GripperState.lisp
Symlinking /home/msbrdm_student/ros/workspaces/ur10_ws/devel/share/common-lisp/ros/tum_ics_lacquey_gripper_msgs/msg/tum_ics_lacquey_gripper_msgs-msg.asd
Symlinking /home/msbrdm_student/ros/workspaces/ur10_ws/devel/share/common-lisp/ros/tum_ics_lacquey_gripper_msgs/srv/_package_setGripperState.lisp
Symlinking /home/msbrdm_student/ros/workspaces/ur10_ws/devel/share/common-lisp/ros/tum_ics_lacquey_gripper_msgs/srv/getGripperState.lisp
Symlinking /home/msbrdm_student/ros/workspaces/ur10_ws/devel/share/common-lisp/ros/tum_ics_lacquey_gripper_msgs/srv/tum_ics_lacquey_gripper_msgs-srv.asd
Symlinking /home/msbrdm_student/ros/workspaces/ur10_ws/devel/share/common-lisp/ros/tum_ics_lacquey_gripper_msgs/srv/setGripperState.lisp
Symlinking /home/msbrdm_student/ros/workspaces/ur10_ws/devel/share/common-lisp/ros/tum_ics_lacquey_gripper_msgs/srv/_package.lisp
Symlinking /home/msbrdm_student/ros/workspaces/ur10_ws/devel/share/common-lisp/ros/tum_ics_lacquey_gripper_msgs/srv/_package_getGripperState.lisp
Symlinking /home/msbrdm_student/ros/workspaces/ur10_ws/devel/share/tum_ics_lacquey_gripper_msgs/cmake/tum_ics_lacquey_gripper_msgs-msg-extras.cmake
Symlinking /home/msbrdm_student/ros/workspaces/ur10_ws/devel/share/tum_ics_lacquey_gripper_msgs/cmake/tum_ics_lacquey_gripper_msgsConfig.cmake
Symlinking /home/msbrdm_student/ros/workspaces/ur10_ws/devel/share/tum_ics_lacquey_gripper_msgs/cmake/tum_ics_lacquey_gripper_msgs-msg-paths.cmake
Symlinking /home/msbrdm_student/ros/workspaces/ur10_ws/devel/share/tum_ics_lacquey_gripper_msgs/cmake/tum_ics_lacquey_gripper_msgsConfig-version.cmake
Symlinking /home/msbrdm_student/ros/workspaces/ur10_ws/devel/include/tum_ics_lacquey_gripper_msgs/setGripperStateResponse.h
Symlinking /home/msbrdm_student/ros/workspaces/ur10_ws/devel/include/tum_ics_lacquey_gripper_msgs/setGripperState.h
Symlinking /home/msbrdm_student/ros/workspaces/ur10_ws/devel/include/tum_ics_lacquey_gripper_msgs/GripperState.h
Symlinking /home/msbrdm_student/ros/workspaces/ur10_ws/devel/include/tum_ics_lacquey_gripper_msgs/setGripperStateRequest.h
Symlinking /home/msbrdm_student/ros/workspaces/ur10_ws/devel/include/tum_ics_lacquey_gripper_msgs/getGripperState.h
Symlinking /home/msbrdm_student/ros/workspaces/ur10_ws/devel/include/tum_ics_lacquey_gripper_msgs/getGripperStateRequest.h
Symlinking /home/msbrdm_student/ros/workspaces/ur10_ws/devel/include/tum_ics_lacquey_gripper_msgs/getGripperStateResponse.h
